[13-Mar-2026 04:00:52 UTC] PHP Warning:  Attempt to read property "queue" on null in /workspaces/UX221-Assignment-2/.wordpress/wp-includes/class-wp-oembed-controller.php on line 211
[13-Mar-2026 04:00:52 UTC] PHP Warning:  foreach() argument must be of type array|object, null given in /workspaces/UX221-Assignment-2/.wordpress/wp-includes/class-wp-oembed-controller.php on line 211
[13-Mar-2026 04:03:52 UTC] PHP Warning:  Undefined variable $parent_theme_name in /workspaces/UX221-Assignment-2/.wordpress/wp-content/mu-plugins/one-click-child-theme/templates/create_child_form.php on line 18
[13-Mar-2026 04:04:00 UTC] Invalid url passed to get_utm_ready_link function
[13-Mar-2026 04:04:00 UTC] Invalid url passed to get_utm_ready_link function
[13-Mar-2026 04:04:00 UTC] Invalid url passed to get_utm_ready_link function
[13-Mar-2026 04:04:00 UTC] Invalid url passed to get_utm_ready_link function
[13-Mar-2026 04:04:00 UTC] Invalid url passed to get_utm_ready_link function
[13-Mar-2026 04:04:00 UTC] Invalid url passed to get_utm_ready_link function
[13-Mar-2026 04:04:00 UTC] Invalid url passed to get_utm_ready_link function
[13-Mar-2026 04:04:00 UTC] Invalid url passed to get_utm_ready_link function
[13-Mar-2026 04:04:00 UTC] Invalid url passed to get_utm_ready_link function
[13-Mar-2026 04:04:00 UTC] Invalid url passed to get_utm_ready_link function
[13-Mar-2026 04:04:01 UTC] Invalid url passed to get_utm_ready_link function
[13-Mar-2026 04:04:01 UTC] Invalid url passed to get_utm_ready_link function
[13-Mar-2026 04:04:01 UTC] Invalid url passed to get_utm_ready_link function
[13-Mar-2026 04:04:01 UTC] Invalid url passed to get_utm_ready_link function
[13-Mar-2026 04:04:01 UTC] Invalid url passed to get_utm_ready_link function
[13-Mar-2026 04:04:01 UTC] Invalid url passed to get_utm_ready_link function
[13-Mar-2026 04:04:01 UTC] Invalid url passed to get_utm_ready_link function
[13-Mar-2026 04:04:01 UTC] Invalid url passed to get_utm_ready_link function
[13-Mar-2026 04:04:01 UTC] Invalid url passed to get_utm_ready_link function
[13-Mar-2026 04:04:01 UTC] Invalid url passed to get_utm_ready_link function
[13-Mar-2026 04:05:03 UTC] Invalid url passed to get_utm_ready_link function
[13-Mar-2026 04:05:03 UTC] Invalid url passed to get_utm_ready_link function
[13-Mar-2026 04:05:03 UTC] Invalid url passed to get_utm_ready_link function
[13-Mar-2026 04:05:03 UTC] Invalid url passed to get_utm_ready_link function
[13-Mar-2026 04:05:03 UTC] Invalid url passed to get_utm_ready_link function
[13-Mar-2026 04:05:03 UTC] Invalid url passed to get_utm_ready_link function
[13-Mar-2026 04:05:03 UTC] Invalid url passed to get_utm_ready_link function
[13-Mar-2026 04:05:03 UTC] Invalid url passed to get_utm_ready_link function
[13-Mar-2026 04:05:03 UTC] Invalid url passed to get_utm_ready_link function
[13-Mar-2026 04:05:03 UTC] Invalid url passed to get_utm_ready_link function
[13-Mar-2026 04:05:13 UTC] Invalid url passed to get_utm_ready_link function
[13-Mar-2026 04:05:13 UTC] Invalid url passed to get_utm_ready_link function
[13-Mar-2026 04:05:13 UTC] Invalid url passed to get_utm_ready_link function
[13-Mar-2026 04:05:13 UTC] Invalid url passed to get_utm_ready_link function
[13-Mar-2026 04:05:13 UTC] Invalid url passed to get_utm_ready_link function
[13-Mar-2026 04:05:13 UTC] Invalid url passed to get_utm_ready_link function
[13-Mar-2026 04:05:13 UTC] Invalid url passed to get_utm_ready_link function
[13-Mar-2026 04:05:13 UTC] Invalid url passed to get_utm_ready_link function
[13-Mar-2026 04:05:13 UTC] Invalid url passed to get_utm_ready_link function
[13-Mar-2026 04:05:13 UTC] Invalid url passed to get_utm_ready_link function
[13-Mar-2026 04:06:03 UTC] Invalid url passed to get_utm_ready_link function
[13-Mar-2026 04:06:03 UTC] Invalid url passed to get_utm_ready_link function
[13-Mar-2026 04:06:03 UTC] Invalid url passed to get_utm_ready_link function
[13-Mar-2026 04:06:03 UTC] Invalid url passed to get_utm_ready_link function
[13-Mar-2026 04:06:03 UTC] Invalid url passed to get_utm_ready_link function
[13-Mar-2026 04:06:03 UTC] Invalid url passed to get_utm_ready_link function
[13-Mar-2026 04:06:03 UTC] Invalid url passed to get_utm_ready_link function
[13-Mar-2026 04:06:03 UTC] Invalid url passed to get_utm_ready_link function
[13-Mar-2026 04:06:03 UTC] Invalid url passed to get_utm_ready_link function
[13-Mar-2026 04:06:03 UTC] Invalid url passed to get_utm_ready_link function
[13-Mar-2026 04:06:13 UTC] Invalid url passed to get_utm_ready_link function
[13-Mar-2026 04:06:13 UTC] Invalid url passed to get_utm_ready_link function
[13-Mar-2026 04:06:13 UTC] Invalid url passed to get_utm_ready_link function
[13-Mar-2026 04:06:13 UTC] Invalid url passed to get_utm_ready_link function
[13-Mar-2026 04:06:13 UTC] Invalid url passed to get_utm_ready_link function
[13-Mar-2026 04:06:13 UTC] Invalid url passed to get_utm_ready_link function
[13-Mar-2026 04:06:13 UTC] Invalid url passed to get_utm_ready_link function
[13-Mar-2026 04:06:13 UTC] Invalid url passed to get_utm_ready_link function
[13-Mar-2026 04:06:13 UTC] Invalid url passed to get_utm_ready_link function
[13-Mar-2026 04:06:13 UTC] Invalid url passed to get_utm_ready_link function
[13-Mar-2026 04:06:56 UTC] Invalid url passed to get_utm_ready_link function
[13-Mar-2026 04:06:56 UTC] Invalid url passed to get_utm_ready_link function
[13-Mar-2026 04:06:56 UTC] Invalid url passed to get_utm_ready_link function
[13-Mar-2026 04:06:56 UTC] Invalid url passed to get_utm_ready_link function
[13-Mar-2026 04:06:56 UTC] Invalid url passed to get_utm_ready_link function
[13-Mar-2026 04:06:56 UTC] Invalid url passed to get_utm_ready_link function
[13-Mar-2026 04:06:56 UTC] Invalid url passed to get_utm_ready_link function
[13-Mar-2026 04:06:56 UTC] Invalid url passed to get_utm_ready_link function
[13-Mar-2026 04:06:56 UTC] Invalid url passed to get_utm_ready_link function
[13-Mar-2026 04:06:56 UTC] Invalid url passed to get_utm_ready_link function
[13-Mar-2026 04:07:03 UTC] Invalid url passed to get_utm_ready_link function
[13-Mar-2026 04:07:03 UTC] Invalid url passed to get_utm_ready_link function
[13-Mar-2026 04:07:03 UTC] Invalid url passed to get_utm_ready_link function
[13-Mar-2026 04:07:03 UTC] Invalid url passed to get_utm_ready_link function
[13-Mar-2026 04:07:03 UTC] Invalid url passed to get_utm_ready_link function
[13-Mar-2026 04:07:03 UTC] Invalid url passed to get_utm_ready_link function
[13-Mar-2026 04:07:03 UTC] Invalid url passed to get_utm_ready_link function
[13-Mar-2026 04:07:03 UTC] Invalid url passed to get_utm_ready_link function
[13-Mar-2026 04:07:03 UTC] Invalid url passed to get_utm_ready_link function
[13-Mar-2026 04:07:03 UTC] Invalid url passed to get_utm_ready_link function
[13-Mar-2026 04:08:03 UTC] Invalid url passed to get_utm_ready_link function
[13-Mar-2026 04:08:03 UTC] Invalid url passed to get_utm_ready_link function
[13-Mar-2026 04:08:03 UTC] Invalid url passed to get_utm_ready_link function
[13-Mar-2026 04:08:03 UTC] Invalid url passed to get_utm_ready_link function
[13-Mar-2026 04:08:03 UTC] Invalid url passed to get_utm_ready_link function
[13-Mar-2026 04:08:03 UTC] Invalid url passed to get_utm_ready_link function
[13-Mar-2026 04:08:03 UTC] Invalid url passed to get_utm_ready_link function
[13-Mar-2026 04:08:03 UTC] Invalid url passed to get_utm_ready_link function
[13-Mar-2026 04:08:03 UTC] Invalid url passed to get_utm_ready_link function
[13-Mar-2026 04:08:03 UTC] Invalid url passed to get_utm_ready_link function
[13-Mar-2026 04:20:25 UTC] Invalid url passed to get_utm_ready_link function
[13-Mar-2026 04:21:02 UTC] Invalid url passed to get_utm_ready_link function
[13-Mar-2026 04:22:50 UTC] Invalid url passed to get_utm_ready_link function
[13-Mar-2026 04:25:29 UTC] Invalid url passed to get_utm_ready_link function
[13-Mar-2026 04:25:39 UTC] Invalid url passed to get_utm_ready_link function
[13-Mar-2026 04:25:58 UTC] Invalid url passed to get_utm_ready_link function
[13-Mar-2026 04:26:26 UTC] Invalid url passed to get_utm_ready_link function
[13-Mar-2026 04:26:47 UTC] Invalid url passed to get_utm_ready_link function
[13-Mar-2026 04:27:04 UTC] Invalid url passed to get_utm_ready_link function
[13-Mar-2026 04:28:40 UTC] Invalid url passed to get_utm_ready_link function
[13-Mar-2026 20:42:29 UTC] Invalid url passed to get_utm_ready_link function
[13-Mar-2026 20:44:56 UTC] Invalid url passed to get_utm_ready_link function
[13-Mar-2026 20:44:59 UTC] Invalid url passed to get_utm_ready_link function
[13-Mar-2026 20:46:08 UTC] Invalid url passed to get_utm_ready_link function
[13-Mar-2026 20:46:11 UTC] Invalid url passed to get_utm_ready_link function
[13-Mar-2026 20:48:13 UTC] Invalid url passed to get_utm_ready_link function
[13-Mar-2026 20:48:15 UTC] Invalid url passed to get_utm_ready_link function
[13-Mar-2026 20:49:04 UTC] Invalid url passed to get_utm_ready_link function
[13-Mar-2026 20:49:09 UTC] Invalid url passed to get_utm_ready_link function
[13-Mar-2026 20:50:19 UTC] Invalid url passed to get_utm_ready_link function
[13-Mar-2026 20:50:43 UTC] Invalid url passed to get_utm_ready_link function
[13-Mar-2026 20:51:43 UTC] Invalid url passed to get_utm_ready_link function
[13-Mar-2026 20:52:02 UTC] Invalid url passed to get_utm_ready_link function
[13-Mar-2026 21:07:51 UTC] Invalid url passed to get_utm_ready_link function
[13-Mar-2026 21:12:39 UTC] Invalid url passed to get_utm_ready_link function
[13-Mar-2026 21:15:40 UTC] PHP Fatal error:  Out of memory (allocated 46137344 bytes) (tried to allocate 1339392 bytes) in /workspaces/UX221Assignment-3/.wordpress/wp-content/themes/astra/assets/svg/svgs.json on line 1
[13-Mar-2026 21:15:43 UTC] PHP Fatal error:  Out of memory (allocated 44040192 bytes) (tried to allocate 2097152 bytes) in /workspaces/UX221Assignment-3/.wordpress/wp-content/themes/astra/inc/markup-extras.php on line 1993
[13-Mar-2026 21:15:43 UTC] PHP Fatal error:  Out of memory (allocated 44040192 bytes) (tried to allocate 2097152 bytes) in /workspaces/UX221Assignment-3/.wordpress/wp-includes/sodium_compat/src/Core/Util.php on line 12
[13-Mar-2026 21:15:49 UTC] PHP Fatal error:  Out of memory (allocated 37748736 bytes) (tried to allocate 2097152 bytes) in /workspaces/UX221Assignment-3/.wordpress/wp-content/themes/astra/inc/markup-extras.php on line 2089
[13-Mar-2026 21:15:53 UTC] PHP Fatal error:  Out of memory (allocated 33554432 bytes) (tried to allocate 2097152 bytes) in /workspaces/UX221Assignment-3/.wordpress/wp-content/themes/astra/inc/markup-extras.php on line 1993
[13-Mar-2026 21:15:58 UTC] PHP Fatal error:  Out of memory (allocated 31457280 bytes) (tried to allocate 2097152 bytes) in /workspaces/UX221Assignment-3/.wordpress/wp-content/themes/astra/inc/markup-extras.php on line 2089
[13-Mar-2026 21:16:01 UTC] PHP Fatal error:  Out of memory (allocated 31457280 bytes) (tried to allocate 2097152 bytes) in /workspaces/UX221Assignment-3/.wordpress/wp-content/themes/astra/inc/markup-extras.php on line 2089
[13-Mar-2026 21:16:04 UTC] PHP Fatal error:  Out of memory (allocated 31457280 bytes) (tried to allocate 2097152 bytes) in /workspaces/UX221Assignment-3/.wordpress/wp-content/themes/astra/inc/markup-extras.php on line 1993
[13-Mar-2026 21:16:15 UTC] PHP Fatal error:  Out of memory (allocated 31457280 bytes) (tried to allocate 2097152 bytes) in /workspaces/UX221Assignment-3/.wordpress/wp-content/themes/astra/inc/markup-extras.php on line 1993
[13-Mar-2026 21:16:26 UTC] PHP Fatal error:  Out of memory (allocated 31457280 bytes) (tried to allocate 2097152 bytes) in /workspaces/UX221Assignment-3/.wordpress/wp-content/themes/astra/inc/markup-extras.php on line 1993
[13-Mar-2026 21:16:30 UTC] PHP Fatal error:  Out of memory (allocated 31457280 bytes) (tried to allocate 2097152 bytes) in /workspaces/UX221Assignment-3/.wordpress/wp-content/themes/astra/inc/markup-extras.php on line 2089
[13-Mar-2026 21:16:37 UTC] PHP Fatal error:  Out of memory (allocated 31457280 bytes) (tried to allocate 2097152 bytes) in /workspaces/UX221Assignment-3/.wordpress/wp-content/themes/astra/inc/markup-extras.php on line 1993
[13-Mar-2026 21:16:44 UTC] PHP Fatal error:  Out of memory (allocated 31457280 bytes) (tried to allocate 2097152 bytes) in /workspaces/UX221Assignment-3/.wordpress/wp-content/themes/astra/inc/markup-extras.php on line 2089
[13-Mar-2026 21:17:09 UTC] PHP Fatal error:  Out of memory (allocated 31457280 bytes) (tried to allocate 2097152 bytes) in /workspaces/UX221Assignment-3/.wordpress/wp-content/themes/astra/inc/markup-extras.php on line 1993
[13-Mar-2026 21:17:11 UTC] PHP Fatal error:  Out of memory (allocated 31457280 bytes) (tried to allocate 2097152 bytes) in /workspaces/UX221Assignment-3/.wordpress/wp-content/themes/astra/inc/markup-extras.php on line 2000
[13-Mar-2026 21:17:11 UTC] PHP Fatal error:  Out of memory (allocated 31457280 bytes) (tried to allocate 2097152 bytes) in /workspaces/UX221Assignment-3/.wordpress/wp-content/themes/astra/inc/markup-extras.php on line 1993
[13-Mar-2026 21:17:12 UTC] PHP Fatal error:  Out of memory (allocated 31457280 bytes) (tried to allocate 2097152 bytes) in /workspaces/UX221Assignment-3/.wordpress/wp-content/themes/astra/inc/markup-extras.php on line 2000
[13-Mar-2026 21:17:45 UTC] PHP Fatal error:  Out of memory (allocated 31457280 bytes) (tried to allocate 2097152 bytes) in /workspaces/UX221Assignment-3/.wordpress/wp-content/themes/astra/inc/markup-extras.php on line 2089
[13-Mar-2026 21:18:36 UTC] PHP Fatal error:  Out of memory (allocated 31457280 bytes) (tried to allocate 2097152 bytes) in /workspaces/UX221Assignment-3/.wordpress/wp-content/themes/astra/inc/markup-extras.php on line 2089
